version https://git-lfs.github.com/spec/v1
oid sha256:14be5b5eecad7b7fb18b8f299be001e8f5af2e2f69fd42512ef990f2f0385e85
size 809
